Oct-25 12:25:48.875 [main] DEBUG nextflow.cli.Launcher - $> nextflow run script4.nf
Oct-25 12:25:49.073 [main] DEBUG nextflow.cli.CmdRun - N E X T F L O W  ~  version 25.10.0
Oct-25 12:25:49.297 [main] DEBUG nextflow.plugin.PluginsFacade - Setting up plugin manager > mode=prod; embedded=false; plugins-dir=/Users/jackowens/.nextflow/plugins; core-plugins: nf-amazon@3.4.1,nf-azure@1.20.2,nf-cloudcache@0.5.0,nf-codecommit@0.5.0,nf-console@1.3.0,nf-google@1.23.3,nf-k8s@1.2.2,nf-tower@1.17.1,nf-wave@1.16.1
Oct-25 12:25:49.337 [main] INFO  o.pf4j.DefaultPluginStatusProvider - Enabled plugins: []
Oct-25 12:25:49.338 [main] INFO  o.pf4j.DefaultPluginStatusProvider - Disabled plugins: []
Oct-25 12:25:49.342 [main] INFO  org.pf4j.DefaultPluginManager - PF4J version 3.12.0 in 'deployment' mode
Oct-25 12:25:49.370 [main] DEBUG nextflow.util.RetryConfig - Missing nextflow session - using default retry config
Oct-25 12:25:49.614 [main] INFO  org.pf4j.AbstractPluginManager - No plugins
Oct-25 12:25:49.625 [main] DEBUG nextflow.plugin.PluginsFacade - Plugins default=[]
Oct-25 12:25:49.625 [main] DEBUG nextflow.plugin.PluginsFacade - Plugins resolved requirement=[]
Oct-25 12:25:49.650 [main] DEBUG n.secret.LocalSecretsProvider - Secrets store: /Users/jackowens/.nextflow/secrets/store.json
Oct-25 12:25:49.668 [main] DEBUG nextflow.secret.SecretsLoader - Discovered secrets providers: [nextflow.secret.LocalSecretsProvider@3104f7bd] - activable => nextflow.secret.LocalSecretsProvider@3104f7bd
Oct-25 12:25:49.690 [main] DEBUG nextflow.cli.CmdRun - Applied DSL=2 by global default
Oct-25 12:25:49.701 [main] DEBUG nextflow.cli.CmdRun - Launching `script4.nf` [curious_pesquet] DSL2 - revision: 9300799482
Oct-25 12:25:50.101 [main] DEBUG nextflow.Session - Session UUID: 3a7f53e6-18d5-4c48-b5d1-fb9b82b4330e
Oct-25 12:25:50.105 [main] DEBUG nextflow.Session - Run name: curious_pesquet
Oct-25 12:25:50.107 [main] DEBUG nextflow.Session - Executor pool size: 12
Oct-25 12:25:50.122 [main] DEBUG nextflow.file.FilePorter - File porter settings maxRetries=3; maxTransfers=50; pollTimeout=null
Oct-25 12:25:50.133 [main] DEBUG nextflow.util.ThreadPoolBuilder - Creating thread pool 'FileTransfer' minSize=10; maxSize=36; workQueue=LinkedBlockingQueue[-1]; allowCoreThreadTimeout=false
Oct-25 12:25:50.194 [main] DEBUG nextflow.cli.CmdRun - 
  Version: 25.10.0 build 10289
  Created: 22-10-2025 16:26 UTC (11:26 CDT)
  System: Mac OS X 15.6.1
  Runtime: Groovy 4.0.28 on OpenJDK 64-Bit Server VM 25
  Encoding: UTF-8 (UTF-8)
  Process: 16676@mac.lan [192.168.87.32]
  CPUs: 12 - Mem: 24 GB (19.5 MB) - Swap: 0 (0)
Oct-25 12:25:50.223 [main] DEBUG nextflow.Session - Work-dir: /Users/jackowens/Desktop/Projects/Nextflow/work [Mac OS X]
Oct-25 12:25:50.223 [main] DEBUG nextflow.Session - Script base path does not exist or is not a directory: /Users/jackowens/Desktop/Projects/Nextflow/bin
Oct-25 12:25:50.235 [main] DEBUG nextflow.executor.ExecutorFactory - Extension executors providers=[]
Oct-25 12:25:50.246 [main] DEBUG nextflow.Session - Observer factory (v2): LinObserverFactory
Oct-25 12:25:50.249 [main] DEBUG nextflow.Session - Observer factory (v2): DefaultObserverFactory
Oct-25 12:25:50.323 [main] DEBUG nextflow.cache.CacheFactory - Using Nextflow cache factory: nextflow.cache.DefaultCacheFactory
Oct-25 12:25:50.342 [main] DEBUG nextflow.util.CustomThreadPool - Creating default thread pool > poolSize: 13; maxThreads: 1000
Oct-25 12:25:50.401 [main] DEBUG nextflow.Session - Session start
Oct-25 12:25:51.318 [main] DEBUG nextflow.script.ScriptRunner - > Launching execution
Oct-25 12:25:51.603 [main] DEBUG nextflow.executor.ExecutorFactory - << taskConfig executor: null
Oct-25 12:25:51.603 [main] DEBUG nextflow.executor.ExecutorFactory - >> processorType: 'local'
Oct-25 12:25:51.626 [main] DEBUG nextflow.executor.Executor - [warm up] executor > local
Oct-25 12:25:51.650 [main] DEBUG n.processor.LocalPollingMonitor - Creating local task monitor for executor 'local' > cpus=12; memory=24 GB; capacity=12; pollInterval=100ms; dumpInterval=5m
Oct-25 12:25:51.653 [main] DEBUG n.processor.TaskPollingMonitor - >>> barrier register (monitor: local)
Oct-25 12:25:51.716 [main] DEBUG nextflow.processor.TaskProcessor - Creating process 'index': maxForks=0; fair=false; array=0
Oct-25 12:25:51.809 [main] DEBUG nextflow.Session - Workflow process names [dsl2]: index
Oct-25 12:25:51.811 [main] DEBUG nextflow.Session - Igniting dataflow network (2)
Oct-25 12:25:51.821 [main] DEBUG nextflow.processor.TaskProcessor - Starting process > index
Oct-25 12:25:51.823 [main] DEBUG nextflow.script.ScriptRunner - Parsed script files:
  Script_ee8e4fa1fff471f4: /Users/jackowens/Desktop/Projects/Nextflow/script4.nf
Oct-25 12:25:51.823 [main] DEBUG nextflow.script.ScriptRunner - > Awaiting termination 
Oct-25 12:25:51.823 [main] DEBUG nextflow.Session - Session await
Oct-25 12:25:52.160 [Task submitter] DEBUG n.executor.local.LocalTaskHandler - Launch cmd line: /bin/bash -ue .command.run
Oct-25 12:25:52.162 [Task submitter] INFO  nextflow.Session - [49/4f7968] Submitted process > index (1)
Oct-25 12:25:53.134 [Task monitor] DEBUG n.processor.TaskPollingMonitor - Task completed > TaskHandler[id: 1; name: index (1); status: COMPLETED; exit: 0; error: -; workDir: /Users/jackowens/Desktop/Projects/Nextflow/work/49/4f7968014c71b5222d6beedc338903]
Oct-25 12:25:53.138 [Task monitor] DEBUG nextflow.util.ThreadPoolBuilder - Creating thread pool 'TaskFinalizer' minSize=10; maxSize=36; workQueue=LinkedBlockingQueue[-1]; allowCoreThreadTimeout=false
Oct-25 12:25:53.178 [TaskFinalizer-1] DEBUG nextflow.util.ThreadPoolBuilder - Creating thread pool 'PublishDir' minSize=10; maxSize=36; workQueue=LinkedBlockingQueue[-1]; allowCoreThreadTimeout=false
Oct-25 12:25:53.194 [main] DEBUG nextflow.Session - Session await > all processes finished
Oct-25 12:25:53.237 [Task monitor] DEBUG n.processor.TaskPollingMonitor - <<< barrier arrives (monitor: local) - terminating tasks monitor poll loop
Oct-25 12:25:53.238 [main] DEBUG nextflow.Session - Session await > all barriers passed
Oct-25 12:25:53.241 [main] DEBUG nextflow.util.ThreadPoolManager - Thread pool 'TaskFinalizer' shutdown completed (hard=false)
Oct-25 12:25:53.241 [main] DEBUG nextflow.util.ThreadPoolManager - Thread pool 'PublishDir' shutdown completed (hard=false)
Oct-25 12:25:53.614 [main] DEBUG n.trace.WorkflowStatsObserver - Workflow completed > WorkflowStats[succeededCount=1; failedCount=0; ignoredCount=0; cachedCount=0; pendingCount=0; submittedCount=0; runningCount=0; retriesCount=0; abortedCount=0; succeedDuration=951ms; failedDuration=0ms; cachedDuration=0ms;loadCpus=0; loadMemory=0; peakRunning=1; peakCpus=1; peakMemory=0; ]
Oct-25 12:25:53.752 [main] DEBUG nextflow.cache.CacheDB - Closing CacheDB done
Oct-25 12:25:53.796 [main] DEBUG nextflow.util.ThreadPoolManager - Thread pool 'FileTransfer' shutdown completed (hard=false)
Oct-25 12:25:53.797 [main] DEBUG nextflow.script.ScriptRunner - > Execution complete -- Goodbye
